<?xml version="1.0" encoding="UTF-8"?>
<testng-results ignored="0" total="1" passed="1" failed="0" skipped="0">
  <reporter-output>
  </reporter-output>
  <suite started-at="2021-09-27T22:15:59 IST" name="Default suite" finished-at="2021-09-27T22:17:30 IST" duration-ms="90711">
    <groups>
    </groups>
    <test started-at="2021-09-27T22:15:59 IST" name="Default test" finished-at="2021-09-27T22:17:30 IST" duration-ms="90711">
      <class name="com.hackathon.testCases.MakeMyTripTestCase">
        <test-method is-config="true" signature="startTest()[pri:0, instance:com.hackathon.testCases.MakeMyTripTestCase@6aba2b86]" started-at="2021-09-27T22:15:59 IST" name="startTest" finished-at="2021-09-27T22:15:59 IST" duration-ms="303" status="PASS">
          <reporter-output>
          </reporter-output>
        </test-method> <!-- startTest -->
        <test-method signature="test()[pri:0, instance:com.hackathon.testCases.MakeMyTripTestCase@6aba2b86]" started-at="2021-09-27T22:15:59 IST" name="test" finished-at="2021-09-27T22:17:29 IST" duration-ms="89862" status="PASS">
          <reporter-output>
          </reporter-output>
        </test-method> <!-- test -->
        <test-method is-config="true" signature="getResult(org.testng.ITestResult)[pri:0, instance:com.hackathon.testCases.MakeMyTripTestCase@6aba2b86]" started-at="2021-09-27T22:17:29 IST" name="getResult" finished-at="2021-09-27T22:17:29 IST" duration-ms="4" status="PASS">
          <params>
            <param index="0">
              <value>
                <![CDATA[[TestResult name=test status=SUCCESS method=MakeMyTripTestCase.test()[pri:0, instance:com.hackathon.testCases.MakeMyTripTestCase@6aba2b86] output={null}]]]>
              </value>
            </param>
          </params>
          <reporter-output>
          </reporter-output>
        </test-method> <!-- getResult -->
        <test-method is-config="true" signature="endReport()[pri:0, instance:com.hackathon.testCases.MakeMyTripTestCase@6aba2b86]" started-at="2021-09-27T22:17:29 IST" name="endReport" finished-at="2021-09-27T22:17:30 IST" duration-ms="478" status="PASS">
          <reporter-output>
          </reporter-output>
        </test-method> <!-- endReport -->
      </class> <!-- com.hackathon.testCases.MakeMyTripTestCase -->
    </test> <!-- Default test -->
  </suite> <!-- Default suite -->
</testng-results>
